<?xml version="1.0" encoding="UTF-8"?>
<testng-results ignored="0" total="4" passed="3" failed="1" skipped="0">
  <reporter-output>
  </reporter-output>
  <suite started-at="2024-10-09T22:19:15 IST" name="Default suite" finished-at="2024-10-09T22:21:29 IST" duration-ms="133243">
    <groups>
    </groups>
    <test started-at="2024-10-09T22:19:15 IST" name="Default test" finished-at="2024-10-09T22:21:29 IST" duration-ms="133243">
      <class name="Tests.HomePageTest">
        <test-method is-config="true" signature="setup()[pri:0, instance:Tests.HomePageTest@7e990ed7]" started-at="2024-10-09T22:19:15 IST" name="setup" finished-at="2024-10-09T22:19:55 IST" duration-ms="39566" status="PASS">
          <reporter-output>
          </reporter-output>
        </test-method> <!-- setup -->
        <test-method signature="fillWatchDemoForm()[pri:0, instance:Tests.HomePageTest@7e990ed7]" started-at="2024-10-09T22:19:55 IST" name="fillWatchDemoForm" finished-at="2024-10-09T22:20:08 IST" duration-ms="13248" status="PASS">
          <reporter-output>
          </reporter-output>
        </test-method> <!-- fillWatchDemoForm -->
        <test-method is-config="true" signature="tearDown()[pri:0, instance:Tests.HomePageTest@7e990ed7]" started-at="2024-10-09T22:20:08 IST" name="tearDown" finished-at="2024-10-09T22:20:14 IST" duration-ms="5407" status="PASS">
          <reporter-output>
          </reporter-output>
        </test-method> <!-- tearDown -->
        <test-method is-config="true" signature="setup()[pri:0, instance:Tests.HomePageTest@7e990ed7]" started-at="2024-10-09T22:20:14 IST" name="setup" finished-at="2024-10-09T22:20:30 IST" duration-ms="16631" status="PASS">
          <reporter-output>
          </reporter-output>
        </test-method> <!-- setup -->
        <test-method signature="verifyResidentLogInTab()[pri:0, instance:Tests.HomePageTest@7e990ed7]" started-at="2024-10-09T22:20:30 IST" name="verifyResidentLogInTab" finished-at="2024-10-09T22:20:46 IST" duration-ms="15638" status="FAIL">
          <exception class="org.openqa.selenium.NoSuchElementException">
            <message>
              <![CDATA[no such element: Unable to locate element: {"method":"xpath","selector":"//input[@id='entrata-username']"}
  (Session info: chrome=129.0.6668.90)
For documentation on this error, please visit: https://selenium.dev/exceptions/#no_such_element
Build info: version: '4.8.1', revision: '8ebccac989'
System info: os.name: 'Windows 10', os.arch: 'amd64', os.version: '10.0', java.version: '17.0.5'
Driver info: org.openqa.selenium.chrome.ChromeDriver
Command: [f5326a4782043ce19dc92d297f1a426f, findElement {using=xpath, value=//input[@id='entrata-username']}]
Capabilities {acceptInsecureCerts: false, browserName: chrome, browserVersion: 129.0.6668.90, chrome: {chromedriverVersion: 129.0.6668.89 (951c0b97221f..., userDataDir: C:\Users\hp\AppData\Local\T...}, fedcm:accounts: true, goog:chromeOptions: {debuggerAddress: localhost:57753}, networkConnectionEnabled: false, pageLoadStrategy: normal, platformName: WINDOWS, proxy: Proxy(), se:cdp: ws://localhost:57753/devtoo..., se:cdpVersion: 129.0.6668.90, setWindowRect: true, strictFileInteractability: false, timeouts: {implicit: 0, pageLoad: 300000, script: 30000}, unhandledPromptBehavior: dismiss and notify, webauthn:extension:credBlob: true, webauthn:extension:largeBlob: true, webauthn:extension:minPinLength: true, webauthn:extension:prf: true, webauthn:virtualAuthenticators: true}
Session ID: f5326a4782043ce19dc92d297f1a426f]]>
            </message>
            <full-stacktrace>
              <![CDATA[org.openqa.selenium.NoSuchElementException: no such element: Unable to locate element: {"method":"xpath","selector":"//input[@id='entrata-username']"}
  (Session info: chrome=129.0.6668.90)
For documentation on this error, please visit: https://selenium.dev/exceptions/#no_such_element
Build info: version: '4.8.1', revision: '8ebccac989'
System info: os.name: 'Windows 10', os.arch: 'amd64', os.version: '10.0', java.version: '17.0.5'
Driver info: org.openqa.selenium.chrome.ChromeDriver
Command: [f5326a4782043ce19dc92d297f1a426f, findElement {using=xpath, value=//input[@id='entrata-username']}]
Capabilities {acceptInsecureCerts: false, browserName: chrome, browserVersion: 129.0.6668.90, chrome: {chromedriverVersion: 129.0.6668.89 (951c0b97221f..., userDataDir: C:\Users\hp\AppData\Local\T...}, fedcm:accounts: true, goog:chromeOptions: {debuggerAddress: localhost:57753}, networkConnectionEnabled: false, pageLoadStrategy: normal, platformName: WINDOWS, proxy: Proxy(), se:cdp: ws://localhost:57753/devtoo..., se:cdpVersion: 129.0.6668.90, setWindowRect: true, strictFileInteractability: false, timeouts: {implicit: 0, pageLoad: 300000, script: 30000}, unhandledPromptBehavior: dismiss and notify, webauthn:extension:credBlob: true, webauthn:extension:largeBlob: true, webauthn:extension:minPinLength: true, webauthn:extension:prf: true, webauthn:virtualAuthenticators: true}
Session ID: f5326a4782043ce19dc92d297f1a426f
at java.base/jdk.internal.reflect.NativeConstructorAccessorImpl.newInstance0(Native Method)
at java.base/jdk.internal.reflect.NativeConstructorAccessorImpl.newInstance(NativeConstructorAccessorImpl.java:77)
at java.base/jdk.internal.reflect.DelegatingConstructorAccessorImpl.newInstance(DelegatingConstructorAccessorImpl.java:45)
at java.base/java.lang.reflect.Constructor.newInstanceWithCaller(Constructor.java:499)
at java.base/java.lang.reflect.Constructor.newInstance(Constructor.java:480)
at org.openqa.selenium.remote.codec.w3c.W3CHttpResponseCodec.createException(W3CHttpResponseCodec.java:200)
at org.openqa.selenium.remote.codec.w3c.W3CHttpResponseCodec.decode(W3CHttpResponseCodec.java:133)
at org.openqa.selenium.remote.codec.w3c.W3CHttpResponseCodec.decode(W3CHttpResponseCodec.java:53)
at org.openqa.selenium.remote.HttpCommandExecutor.execute(HttpCommandExecutor.java:184)
at org.openqa.selenium.remote.service.DriverCommandExecutor.invokeExecute(DriverCommandExecutor.java:167)
at org.openqa.selenium.remote.service.DriverCommandExecutor.execute(DriverCommandExecutor.java:142)
at org.openqa.selenium.remote.RemoteWebDriver.execute(RemoteWebDriver.java:543)
at org.openqa.selenium.remote.ElementLocation$ElementFinder$2.findElement(ElementLocation.java:162)
at org.openqa.selenium.remote.ElementLocation.findElement(ElementLocation.java:60)
at org.openqa.selenium.remote.RemoteWebDriver.findElement(RemoteWebDriver.java:352)
at org.openqa.selenium.remote.RemoteWebDriver.findElement(RemoteWebDriver.java:344)
at Tests.HomePageTest.verifyResidentLogInTab(HomePageTest.java:116)
at java.base/jdk.internal.reflect.NativeMethodAccessorImpl.invoke0(Native Method)
at java.base/jdk.internal.reflect.NativeMethodAccessorImpl.invoke(NativeMethodAccessorImpl.java:77)
at java.base/jdk.internal.reflect.DelegatingMethodAccessorImpl.invoke(DelegatingMethodAccessorImpl.java:43)
at java.base/java.lang.reflect.Method.invoke(Method.java:568)
at org.testng.internal.invokers.MethodInvocationHelper.invokeMethod(MethodInvocationHelper.java:141)
at org.testng.internal.invokers.TestInvoker.invokeMethod(TestInvoker.java:686)
at org.testng.internal.invokers.TestInvoker.invokeTestMethod(TestInvoker.java:230)
at org.testng.internal.invokers.MethodRunner.runInSequence(MethodRunner.java:63)
at org.testng.internal.invokers.TestInvoker$MethodInvocationAgent.invoke(TestInvoker.java:992)
at org.testng.internal.invokers.TestInvoker.invokeTestMethods(TestInvoker.java:203)
at org.testng.internal.invokers.TestMethodWorker.invokeTestMethods(TestMethodWorker.java:154)
at org.testng.internal.invokers.TestMethodWorker.run(TestMethodWorker.java:134)
at java.base/java.util.ArrayList.forEach(ArrayList.java:1511)
at org.testng.TestRunner.privateRun(TestRunner.java:739)
at org.testng.TestRunner.run(TestRunner.java:614)
at org.testng.SuiteRunner.runTest(SuiteRunner.java:421)
at org.testng.SuiteRunner.runSequentially(SuiteRunner.java:413)
at org.testng.SuiteRunner.privateRun(SuiteRunner.java:373)
at org.testng.SuiteRunner.run(SuiteRunner.java:312)
at org.testng.SuiteRunnerWorker.runSuite(SuiteRunnerWorker.java:52)
at org.testng.SuiteRunnerWorker.run(SuiteRunnerWorker.java:95)
at org.testng.TestNG.runSuitesSequentially(TestNG.java:1274)
at org.testng.TestNG.runSuitesLocally(TestNG.java:1208)
at org.testng.TestNG.runSuites(TestNG.java:1112)
at org.testng.TestNG.run(TestNG.java:1079)
at org.testng.remote.AbstractRemoteTestNG.run(AbstractRemoteTestNG.java:115)
at org.testng.remote.RemoteTestNG.initAndRun(RemoteTestNG.java:293)
at org.testng.remote.RemoteTestNG.main(RemoteTestNG.java:91)
]]>
            </full-stacktrace>
          </exception> <!-- org.openqa.selenium.NoSuchElementException -->
          <reporter-output>
          </reporter-output>
        </test-method> <!-- verifyResidentLogInTab -->
        <test-method is-config="true" signature="tearDown()[pri:0, instance:Tests.HomePageTest@7e990ed7]" started-at="2024-10-09T22:20:46 IST" name="tearDown" finished-at="2024-10-09T22:20:47 IST" duration-ms="1254" status="PASS">
          <reporter-output>
          </reporter-output>
        </test-method> <!-- tearDown -->
        <test-method is-config="true" signature="setup()[pri:0, instance:Tests.HomePageTest@7e990ed7]" started-at="2024-10-09T22:20:47 IST" name="setup" finished-at="2024-10-09T22:20:56 IST" duration-ms="8585" status="PASS">
          <reporter-output>
          </reporter-output>
        </test-method> <!-- setup -->
        <test-method signature="verifyWrongSignIn()[pri:0, instance:Tests.HomePageTest@7e990ed7]" started-at="2024-10-09T22:20:56 IST" name="verifyWrongSignIn" finished-at="2024-10-09T22:21:07 IST" duration-ms="11204" status="PASS">
          <reporter-output>
          </reporter-output>
        </test-method> <!-- verifyWrongSignIn -->
        <test-method is-config="true" signature="tearDown()[pri:0, instance:Tests.HomePageTest@7e990ed7]" started-at="2024-10-09T22:21:07 IST" name="tearDown" finished-at="2024-10-09T22:21:08 IST" duration-ms="525" status="PASS">
          <reporter-output>
          </reporter-output>
        </test-method> <!-- tearDown -->
        <test-method is-config="true" signature="setup()[pri:0, instance:Tests.HomePageTest@7e990ed7]" started-at="2024-10-09T22:21:08 IST" name="setup" finished-at="2024-10-09T22:21:19 IST" duration-ms="11429" status="PASS">
          <reporter-output>
          </reporter-output>
        </test-method> <!-- setup -->
        <test-method signature="verifywatchDemoTab()[pri:0, instance:Tests.HomePageTest@7e990ed7]" started-at="2024-10-09T22:21:19 IST" name="verifywatchDemoTab" finished-at="2024-10-09T22:21:27 IST" duration-ms="8321" status="PASS">
          <reporter-output>
          </reporter-output>
        </test-method> <!-- verifywatchDemoTab -->
        <test-method is-config="true" signature="tearDown()[pri:0, instance:Tests.HomePageTest@7e990ed7]" started-at="2024-10-09T22:21:27 IST" name="tearDown" finished-at="2024-10-09T22:21:29 IST" duration-ms="1245" status="PASS">
          <reporter-output>
          </reporter-output>
        </test-method> <!-- tearDown -->
      </class> <!-- Tests.HomePageTest -->
    </test> <!-- Default test -->
  </suite> <!-- Default suite -->
</testng-results>
