<?xml version="1.0" encoding="UTF-8"?>
<!-- Generated by org.testng.reporters.JUnitXMLReporter -->
<testsuite ignored="0" hostname="DESKTOP-H4FRD3F" failures="0" tests="4" name="Command line test" time="106.939" errors="0" timestamp="2024-10-09T23:00:56 IST">
  <testcase classname="Tests.HomePageTest" name="fillWatchDemoForm" time="10.39"/>
  <testcase classname="Tests.HomePageTest" name="verifyResidentLogInTab" time="10.664"/>
  <testcase classname="Tests.HomePageTest" name="verifyWrongSignIn" time="10.162"/>
  <testcase classname="Tests.HomePageTest" name="verifywatchDemoTab" time="4.352"/>
</testsuite> <!-- Command line test -->
