<?xml version="1.0" encoding="UTF-8"?>
<testng-results ignored="0" total="4" passed="4" failed="0" skipped="0">
  <reporter-output>
  </reporter-output>
  <suite started-at="2024-10-09T22:59:09 IST" name="Tests.HomePageTest" finished-at="2024-10-09T23:00:56 IST" duration-ms="106939">
    <groups>
    </groups>
    <test started-at="2024-10-09T22:59:09 IST" name="Command line test" finished-at="2024-10-09T23:00:56 IST" duration-ms="106939">
      <class name="Tests.HomePageTest">
        <test-method is-config="true" signature="setup()[pri:0, instance:Tests.HomePageTest@34f7cfd9]" started-at="2024-10-09T22:59:09 IST" name="setup" finished-at="2024-10-09T22:59:24 IST" duration-ms="15073" status="PASS">
          <reporter-output>
          </reporter-output>
        </test-method> <!-- setup -->
        <test-method signature="fillWatchDemoForm()[pri:0, instance:Tests.HomePageTest@34f7cfd9]" started-at="2024-10-09T22:59:24 IST" name="fillWatchDemoForm" finished-at="2024-10-09T22:59:34 IST" duration-ms="10390" status="PASS">
          <reporter-output>
          </reporter-output>
        </test-method> <!-- fillWatchDemoForm -->
        <test-method is-config="true" signature="tearDown()[pri:0, instance:Tests.HomePageTest@34f7cfd9]" started-at="2024-10-09T22:59:34 IST" name="tearDown" finished-at="2024-10-09T22:59:36 IST" duration-ms="1286" status="PASS">
          <reporter-output>
          </reporter-output>
        </test-method> <!-- tearDown -->
        <test-method is-config="true" signature="setup()[pri:0, instance:Tests.HomePageTest@34f7cfd9]" started-at="2024-10-09T22:59:36 IST" name="setup" finished-at="2024-10-09T22:59:45 IST" duration-ms="9409" status="PASS">
          <reporter-output>
          </reporter-output>
        </test-method> <!-- setup -->
        <test-method signature="verifyResidentLogInTab()[pri:0, instance:Tests.HomePageTest@34f7cfd9]" started-at="2024-10-09T22:59:45 IST" name="verifyResidentLogInTab" finished-at="2024-10-09T22:59:56 IST" duration-ms="10664" status="PASS">
          <reporter-output>
          </reporter-output>
        </test-method> <!-- verifyResidentLogInTab -->
        <test-method is-config="true" signature="tearDown()[pri:0, instance:Tests.HomePageTest@34f7cfd9]" started-at="2024-10-09T22:59:56 IST" name="tearDown" finished-at="2024-10-09T22:59:58 IST" duration-ms="2079" status="PASS">
          <reporter-output>
          </reporter-output>
        </test-method> <!-- tearDown -->
        <test-method is-config="true" signature="setup()[pri:0, instance:Tests.HomePageTest@34f7cfd9]" started-at="2024-10-09T22:59:58 IST" name="setup" finished-at="2024-10-09T23:00:31 IST" duration-ms="33445" status="PASS">
          <reporter-output>
          </reporter-output>
        </test-method> <!-- setup -->
        <test-method signature="verifyWrongSignIn()[pri:0, instance:Tests.HomePageTest@34f7cfd9]" started-at="2024-10-09T23:00:31 IST" name="verifyWrongSignIn" finished-at="2024-10-09T23:00:41 IST" duration-ms="10162" status="PASS">
          <reporter-output>
          </reporter-output>
        </test-method> <!-- verifyWrongSignIn -->
        <test-method is-config="true" signature="tearDown()[pri:0, instance:Tests.HomePageTest@34f7cfd9]" started-at="2024-10-09T23:00:41 IST" name="tearDown" finished-at="2024-10-09T23:00:42 IST" duration-ms="461" status="PASS">
          <reporter-output>
          </reporter-output>
        </test-method> <!-- tearDown -->
        <test-method is-config="true" signature="setup()[pri:0, instance:Tests.HomePageTest@34f7cfd9]" started-at="2024-10-09T23:00:42 IST" name="setup" finished-at="2024-10-09T23:00:51 IST" duration-ms="8676" status="PASS">
          <reporter-output>
          </reporter-output>
        </test-method> <!-- setup -->
        <test-method signature="verifywatchDemoTab()[pri:0, instance:Tests.HomePageTest@34f7cfd9]" started-at="2024-10-09T23:00:51 IST" name="verifywatchDemoTab" finished-at="2024-10-09T23:00:55 IST" duration-ms="4352" status="PASS">
          <reporter-output>
          </reporter-output>
        </test-method> <!-- verifywatchDemoTab -->
        <test-method is-config="true" signature="tearDown()[pri:0, instance:Tests.HomePageTest@34f7cfd9]" started-at="2024-10-09T23:00:55 IST" name="tearDown" finished-at="2024-10-09T23:00:56 IST" duration-ms="832" status="PASS">
          <reporter-output>
          </reporter-output>
        </test-method> <!-- tearDown -->
      </class> <!-- Tests.HomePageTest -->
    </test> <!-- Command line test -->
  </suite> <!-- Tests.HomePageTest -->
</testng-results>
